2023-08-22 16:17:03,385 - File uploaded: book_1.pdf by roll number: 205121102
2023-08-22 16:19:08,327 - User 205121102 logged out
2023-08-22 16:19:10,740 - User 205121102 logged in
2023-08-22 16:24:05,430 - File uploaded: 12.pdf by roll number: 205121102
2023-08-22 16:24:05,441 - File uploaded: 12_result.pdf by roll number: 205121102
2023-08-22 16:24:05,460 - File uploaded: LR.pdf by roll number: 205121102
2023-08-22 16:24:05,481 - File uploaded: CPC9-core.pdf by roll number: 205121102
2023-08-22 16:31:27,496 - User 205121102 logged out
2023-08-22 16:31:29,564 - User 205121102 logged in
2023-08-22 16:54:45,407 - File uploaded: CourseRegistrationForm.pdf by roll number: 205121102
2023-08-22 16:59:00,170 - File uploaded: book_2.pdf by roll number: 205121102
2023-08-22 17:09:23,435 - File uploaded: HostelFeeBill_1.pdf by roll number: 205121102
2023-08-22 17:09:23,462 - File uploaded: BMI-dec-2022_1.pdf by roll number: 205121102
2023-08-22 17:09:23,539 - File uploaded: book_2.pdf by roll number: 205121102
2023-08-22 17:09:23,657 - File uploaded: prizeMoney_1.pdf by roll number: 205121102
2023-08-22 17:09:23,755 - File uploaded: Fees_circular_EVEN_Semester_2022-23_1.pdf by roll number: 205121102
2023-08-22 17:19:46,835 - File uploaded: Brochure_CSEH_workshop_4.pdf by roll number: 205121102
2023-08-22 18:55:39,912 - File uploaded: HostelFeeBill_1.pdf by roll number: 205121102
2023-08-22 18:55:39,999 - File uploaded: BMI-dec-2022_1.pdf by roll number: 205121102
2023-08-22 18:55:40,017 - File uploaded: book_2.pdf by roll number: 205121102
2023-08-22 18:55:40,029 - File uploaded: prizeMoney_1.pdf by roll number: 205121102
2023-08-22 18:55:40,203 - File uploaded: Fees_circular_EVEN_Semester_2022-23_1.pdf by roll number: 205121102
2023-08-22 18:55:48,315 - File uploaded: sem-5-Hostel_Fees.pdf by roll number: 205121102
2023-08-22 18:55:48,505 - File uploaded: sem-5_hostel.pdf by roll number: 205121102
2023-08-22 18:55:48,572 - File uploaded: sem-5-Institute_Fees.pdf by roll number: 205121102
2023-08-22 18:55:48,578 - File uploaded: sem-5_institute.pdf by roll number: 205121102
2023-08-22 18:55:48,593 - File uploaded: https___www.onlinesbi.sbi_sbicollect_paymenthistory_paymenthistoryredirecturl.PDF by roll number: 205121102
2023-08-22 18:55:48,773 - File uploaded: institute_fees_sem-4.pdf by roll number: 205121102
2023-08-22 18:55:48,871 - File uploaded: application_sem5.pdf by roll number: 205121102
2023-08-22 18:55:48,937 - File uploaded: HOSTEL-FEES-ODD-SEM-2023-24.pdf by roll number: 205121102
2023-08-22 18:56:14,679 - File uploaded: SE_EndSem_QP_1.pdf by roll number: 205121102
2023-08-22 18:56:14,734 - File uploaded: SE_EndSem_QP_2.pdf by roll number: 205121102
2023-08-22 18:56:14,756 - File uploaded: SE_EndSem_QP_1.pdf by roll number: 205121102
2023-08-22 18:56:14,770 - File uploaded: prizeMoney_1.pdf by roll number: 205121102
2023-08-22 19:06:06,350 - File uploaded: HostelFeeBill_1.pdf by roll number: 205121102
2023-08-22 19:06:06,368 - File uploaded: BMI-dec-2022_1.pdf by roll number: 205121102
2023-08-22 19:06:06,379 - File uploaded: book_2.pdf by roll number: 205121102
2023-08-22 19:06:06,387 - File uploaded: prizeMoney_1.pdf by roll number: 205121102
2023-08-22 19:06:06,400 - File uploaded: Fees_circular_EVEN_Semester_2022-23_1.pdf by roll number: 205121102
2023-08-22 19:06:18,298 - File uploaded: 205121038_DeepakKushwah_Resume_1.pdf by roll number: 205121102
2023-08-22 19:06:18,311 - File uploaded: 205121038_Deepak_Singh_Kushwah_1.pdf by roll number: 205121102
2023-08-22 19:06:18,343 - File uploaded: problem_solving_basic_certificate_1.pdf by roll number: 205121102
2023-08-22 19:06:18,360 - File uploaded: ai-assgn2.pdf by roll number: 205121102
2023-08-22 19:35:30,201 - User 205121102 logged out
2023-08-22 19:35:38,190 - User 205121102 logged in
2023-08-22 19:57:03,157 - File uploaded: book_2_2.pdf by roll number: 205121102
2023-08-22 19:57:03,167 - File uploaded: https___www.onlinesbi.sbi_sbicollect_paymenthistory_paymenthistoryredirecturl_1.PDF by roll number: 205121102
2023-08-22 19:57:03,176 - File uploaded: Fees_circular_EVEN_Semester_2022-23_1.pdf by roll number: 205121102
2023-08-22 19:57:03,186 - File uploaded: application_sem5.pdf by roll number: 205121102
2023-08-22 19:57:03,196 - File uploaded: book_2_1.pdf by roll number: 205121102
2023-08-22 19:57:18,587 - File uploaded: 205121038_DeepakKushwah_Resume_1.pdf by roll number: 205121102
2023-08-22 19:57:18,596 - File uploaded: 205121038_Deepak_Singh_Kushwah_1.pdf by roll number: 205121102
2023-08-22 19:57:18,621 - File uploaded: problem_solving_basic_certificate_1.pdf by roll number: 205121102
2023-08-22 19:57:34,744 - File uploaded: https___www.onlinesbi.sbi_sbicollect_paymenthistory_paymenthistoryredirecturl_1.PDF by roll number: 205121102
2023-08-22 19:57:34,753 - File uploaded: Fees_circular_EVEN_Semester_2022-23_1.pdf by roll number: 205121102
2023-08-22 19:57:34,763 - File uploaded: application_sem5.pdf by roll number: 205121102
2023-08-22 19:57:34,782 - File uploaded: book_2_1.pdf by roll number: 205121102
2023-08-22 20:08:52,430 - File uploaded: https___www.onlinesbi.sbi_sbicollect_paymenthistory_paymenthistoryredirecturl_1.PDF by roll number: 205121102
2023-08-22 20:08:52,476 - File uploaded: Fees_circular_EVEN_Semester_2022-23_1.pdf by roll number: 205121102
2023-08-22 20:08:52,609 - File uploaded: application_sem5.pdf by roll number: 205121102
2023-08-22 20:08:52,637 - File uploaded: book_2_1.pdf by roll number: 205121102
2023-08-22 20:09:02,628 - File uploaded: https___www.onlinesbi.sbi_sbicollect_paymenthistory_paymenthistoryredirecturl_1.PDF by roll number: 205121102
2023-08-22 20:09:02,639 - File uploaded: Fees_circular_EVEN_Semester_2022-23_1.pdf by roll number: 205121102
2023-08-22 20:09:02,646 - File uploaded: application_sem5.pdf by roll number: 205121102
2023-08-22 20:09:26,736 - File uploaded: application_sem5.pdf by roll number: 205121102
2023-08-22 20:09:26,757 - File uploaded: book_2_1.pdf by roll number: 205121102
2023-08-22 20:09:42,307 - File uploaded: 205121038_DeepakKushwah_Resume_1.pdf by roll number: 205121102
2023-08-22 20:09:42,315 - File uploaded: 205121038_Deepak_Singh_Kushwah_1.pdf by roll number: 205121102
2023-08-22 20:09:42,341 - File uploaded: problem_solving_basic_certificate_1.pdf by roll number: 205121102
2023-08-22 20:12:55,730 - File uploaded: HostelFeeBill_1.pdf by roll number: 205121102
2023-08-22 21:24:40,796 - File uploaded: Fees_circular_EVEN_Semester_2022-23_1.pdf by roll number: 205121102
2023-08-22 21:25:04,613 - File uploaded: prizeMoney_1.pdf by roll number: 205121102
2023-08-22 21:26:05,971 - User 205121102 logged out
2023-08-22 21:26:24,978 - User 205121102 logged in
2023-08-22 21:52:50,337 - User 205121102 logged in
2023-08-22 21:58:00,852 - User 205121019 logged in
2023-08-22 21:58:10,850 - User 205121019 logged out
2023-08-22 21:58:17,509 - User 205121019 logged in
2023-08-22 21:59:49,902 - File uploaded: CIRCULAR-2023-24-ODD-SEM.pdf by roll number: 205121019
2023-08-22 21:59:49,910 - File uploaded: Institute-Bank-Details-for-Educational-Loan-2023.pdf by roll number: 205121019
2023-08-22 21:59:49,917 - File uploaded: MCA-Fee-Structure-2021-22-Batch-v2_1.pdf by roll number: 205121019
2023-08-25 02:02:33,232 - User 205121102 logged in
2023-08-25 02:03:07,316 - User 205121102 logged out
2023-08-25 02:03:09,875 - User 205121038 logged in
2023-08-25 02:08:39,876 - File uploaded: book_1.pdf by roll number: 205121102
2023-08-25 02:08:39,894 - File uploaded: 205121038_DeepakKushwah_Resume_1.pdf by roll number: 205121102
2023-08-25 02:08:39,911 - File uploaded: 205121038_Deepak_Singh_Kushwah_1.pdf by roll number: 205121102
2023-08-25 02:08:39,956 - File uploaded: problem_solving_basic_certificate_1.pdf by roll number: 205121102
2023-08-25 02:08:39,965 - File uploaded: ai-assgn2.pdf by roll number: 205121102
2023-08-25 02:12:32,924 - File uploaded: Important_OOPS_Concept.pdf by roll number: 205121102
2023-08-25 02:29:38,094 - User 205121102 logged out
2023-08-25 02:29:40,596 - User 205121102 logged in
2023-08-25 09:27:07,046 - User 205121102 logged in
2023-08-25 16:02:21,666 - User 205121102 logged in
2023-08-25 16:04:14,636 - File uploaded: Fees_circular_EVEN_Semester_2022-23_1.pdf by roll number: 205121038
2023-08-25 17:22:33,250 - User 205121102 logged in
2023-08-25 17:23:27,270 - User 205121038 logged in
2023-08-25 18:01:35,503 - File uploaded: MCA-Fee-Structure-2021-22-Batch-v2.pdf by roll number: 205121102
2023-08-25 18:04:27,577 - File uploaded: Document_2.pdf by roll number: 205121038
2023-08-25 18:04:42,953 - File uploaded: CourseRegistrationForm.pdf by roll number: 205121102
2023-08-25 18:21:39,036 - User 205121038 logged in
2023-08-25 18:21:49,766 - File uploaded: Important_OOPS_Concept.pdf by roll number: 205121038
2023-08-25 18:22:26,465 - User 205121038 logged out
2023-08-25 18:22:28,627 - User 205121102 logged in
2023-08-25 18:27:28,499 - File uploaded: OS_VIVA.pdf by roll number: 205121102
2023-08-25 21:55:26,142 - User 205121019 logged in
2023-08-25 21:55:59,401 - File uploaded: Important_OOPS_Concept.pdf by roll number: 205121038
2023-08-25 21:57:05,977 - User 205121019 logged out
2023-08-25 21:57:07,635 - User 205121019 logged in
2023-08-25 22:24:03,390 - File uploaded: CIRCULAR-2023-24-ODD-SEM.pdf by roll number: 205121038
2023-08-25 22:24:03,401 - File uploaded: Institute-Bank-Details-for-Educational-Loan-2023.pdf by roll number: 205121038
2023-08-25 22:24:03,409 - File uploaded: MCA-Fee-Structure-2021-22-Batch-v2_1.pdf by roll number: 205121038
2023-08-25 22:38:55,799 - File uploaded: sem-5-Institute_Fees.pdf by roll number: 205121038
2023-08-25 22:40:46,451 - File uploaded: BMI-dec-2022.pdf by roll number: 205121038
2023-08-25 22:40:46,466 - File uploaded: tarun_tckt.pdf by roll number: 205121038
2023-08-25 22:40:46,482 - File uploaded: book.pdf by roll number: 205121038
2023-08-25 22:40:46,501 - File uploaded: RETURN_NITT_TICKET.pdf by roll number: 205121038
2023-08-25 22:52:30,940 - File RETURN_NITT_TICKET.pdf published by admin 205121038
2023-08-25 22:54:44,184 - File uploaded: tarun_tckt_1.pdf by roll number: 205121038
2023-08-25 23:07:44,850 - File uploaded: CourseRegistrationForm.pdf by roll number: 205121038
2023-08-25 23:08:07,000 - File CourseRegistrationForm.pdf published by admin 205121038
2023-08-25 23:08:27,297 - User 205121102 logged in
2023-08-25 23:13:51,778 - User 205121102 logged in
2023-08-25 23:15:09,909 - User 205121102 logged in
2023-08-25 23:17:06,660 - User 205121102 logged in
2023-08-25 23:17:57,736 - User 205121102 logged in
2023-08-25 23:42:19,066 - User 205121038 logged in
2023-08-26 00:31:54,839 - User 205121038 logged in
2023-08-26 00:32:44,609 - User 205121038 logged in
2023-08-26 00:35:21,286 - User 205121038 logged in
2023-08-26 00:36:42,993 - User 205121038 logged in
2023-08-26 00:37:17,747 - User 205121038 logged in
2023-08-26 00:37:50,184 - User 205121038 logged in
2023-08-26 00:43:16,033 - User 205121038 logged in
2023-08-26 00:45:27,148 - User 205121038 logged in
2023-08-26 00:46:02,095 - User 205121038 logged in
2023-08-26 00:46:25,225 - User 205121038 logged in
2023-08-26 00:46:44,208 - User 205121038 logged in
2023-08-26 00:49:21,012 - User 205121102 logged in
2023-08-26 00:49:37,664 - User 205121102 logged in
2023-08-26 09:53:59,282 - User 205121038 logged in
2023-08-26 09:54:22,489 - File uploaded: problem_solving_basic_certificate_1.pdf by roll number: 205121038
2023-08-26 10:06:37,917 - User 205121102 logged in
2023-08-26 10:25:16,616 - User 205121038 logged in
2023-08-26 10:41:51,284 - User 205121038 logged in
2023-08-26 10:44:37,897 - User 205121102 logged in
2023-08-26 11:06:36,851 - User 205121019 logged in
2023-08-26 11:08:17,722 - User 205121040 logged in
2023-08-26 22:33:17,644 - User 205121019 logged in
2023-08-26 22:37:48,010 - User 205121040 logged in
2023-08-26 22:37:57,864 - User 205121038 logged in
2023-08-26 22:41:45,791 - File uploaded: CPC9-core.pdf by roll number: 205121040
2023-08-26 22:43:07,546 - File CPC9-core.pdf published by admin 205121038
2023-08-26 22:44:52,819 - File tarun_tckt_1.pdf published by admin 205121038
2023-08-26 22:46:28,141 - File problem_solving_basic_certificate_1.pdf deleted by admin 205121038
2023-08-26 23:15:04,919 - User 205121038 logged in
2023-08-26 23:16:43,202 - User 205121075 logged in
2023-08-26 23:20:13,688 - File uploaded: dsk.pdf by roll number: 205121075
2023-08-26 23:20:44,082 - File dsk.pdf published by admin 205121038
2023-08-26 23:24:17,183 - File uploaded: application_sem5.pdf by roll number: 205121075
2023-08-26 23:25:00,775 - File uploaded: CIRCULAR-2023-24-ODD-SEM.pdf by roll number: 205121075
2023-08-26 23:25:29,435 - File application_sem5.pdf deleted by admin 205121038
2023-08-26 23:25:48,503 - File CIRCULAR-2023-24-ODD-SEM.pdf published by admin 205121038
2023-08-28 10:06:15,023 - User 205121038 logged in
2023-08-28 10:08:31,154 - User 205121019 logged in
2023-08-31 22:33:26,787 - User 205121038 logged in
2023-09-02 22:30:03,720 - User 205121038 logged in
2023-09-03 17:36:01,590 - User 205121038 logged in
2023-09-03 17:48:04,941 - User 205121019 logged in
2023-09-07 14:44:54,621 - User 205121038 logged in
2023-09-07 19:03:40,261 - User 205121038 logged in
2023-09-07 19:29:25,498 - User 205121038 logged in
2023-09-07 19:29:54,784 - User 205121038 logged in
2023-09-07 19:48:39,473 - User 205121038 logged in
2023-09-07 19:49:09,079 - User 205121038 logged in
2023-09-07 20:01:56,376 - User 205121038 logged in
2023-09-07 22:18:32,857 - User 205121038 logged in
2023-09-07 22:20:10,739 - User 205121038 logged in
2023-09-07 22:28:32,635 - User 205121038 logged in
2023-09-07 22:31:12,888 - User 205121038 logged in
2023-09-07 22:31:14,889 - User 205121038 logged out
2023-09-07 22:32:04,469 - User 205121038 logged in
2023-09-07 22:32:06,887 - User 205121038 logged out
2023-09-07 22:32:08,860 - User 205121038 logged in
2023-09-07 22:33:01,937 - User 205121038 logged in
2023-09-07 22:33:04,447 - User 205121038 logged out
2023-09-07 22:33:06,749 - User 205121038 logged in
2023-09-07 22:35:30,483 - User 205121038 logged in
2023-09-07 22:35:32,425 - User 205121038 logged out
2023-09-07 22:35:32,513 - Failed to logout user 205121038 from DAuth: 404
2023-09-07 22:37:34,252 - User 205121038 logged in
2023-09-07 22:37:36,972 - User 205121038 logged out
2023-09-07 22:37:39,348 - User 205121038 logged in
2023-09-07 22:38:09,617 - User 205121038 logged in
2023-09-07 22:38:33,354 - User 205121038 logged in
2023-09-07 22:38:51,224 - User 205121038 logged in
2023-09-07 22:38:53,196 - User 205121038 logged out
2023-09-07 22:38:57,186 - User 205121038 logged in
2023-09-07 22:39:19,144 - User 205121038 logged out
2023-09-07 22:39:26,995 - User 205121038 logged in
2023-09-07 22:39:29,458 - User 205121038 logged out
2023-09-07 22:39:34,635 - User 205121038 logged in
2023-09-07 22:40:00,214 - User 205121019 logged in
2023-09-07 22:40:20,497 - File uploaded: part-1.pdf by roll number: 205121019
2023-09-08 00:27:43,453 - User 205121038 logged in
2023-09-08 00:27:51,008 - User 205121019 logged in
2023-09-08 11:03:18,990 - User 205121038 logged in
2023-09-08 11:54:36,897 - User 205121038 logged in
2023-09-08 11:56:50,345 - User 205121019 logged in
2023-09-08 11:58:08,387 - File uploaded: CPC9-core_1.pdf by roll number: 205121019
2023-09-08 11:59:35,191 - File CPC9-core_1.pdf published by admin 205121038
2023-09-08 12:00:04,868 - File part-1.pdf deleted by admin 205121038
2023-09-08 12:50:08,042 - File uploaded: book_1.pdf by roll number: 205121038
2023-09-08 13:09:43,422 - User 205121019 logged in
2023-09-08 13:10:08,767 - File uploaded: messBill_1.pdf by roll number: 205121019
2023-09-08 13:10:08,774 - File uploaded: Version_23_Events_Description.pdf by roll number: 205121019
2023-09-08 13:10:08,781 - File uploaded: CPC_-_01_Syllabus.pdf by roll number: 205121019
2023-09-08 13:44:10,002 - File uploaded: CourseRegistrationForm_1.pdf by roll number: 205121038
2023-09-08 14:35:15,630 - User 205121038 logged in
2023-09-08 14:36:19,057 - User 205121019 logged in
2023-09-08 14:37:54,933 - File uploaded: CourseRegistrationForm_1.pdf by roll number: 205121019
2023-09-08 14:39:48,908 - File CourseRegistrationForm_1.pdf published by admin 205121038
2023-09-08 14:42:31,391 - File CPC_-_01_Syllabus.pdf deleted by admin 205121038
2023-09-08 14:47:46,332 - File book_1.pdf published by admin 205121038
2023-09-08 14:47:49,123 - File messBill_1.pdf deleted by admin 205121038
2023-09-09 10:57:11,164 - User 205121038 logged in
2023-09-09 11:03:18,696 - User 205121038 logged in
2023-09-09 11:08:50,543 - User 205121038 logged in
2023-09-09 11:08:53,392 - User 205121038 logged out
2023-09-09 11:08:56,575 - User 205121038 logged in
2023-09-09 11:09:24,615 - User 205121019 logged in
2023-09-09 11:12:25,074 - User 205121019 logged in
2023-09-09 11:12:28,490 - User 205121019 logged out
2023-09-09 11:12:31,458 - User 205121019 logged in
2023-09-09 11:20:01,536 - User 205121019 logged in
2023-09-09 12:31:14,034 - User 205121038 logged in
2023-09-09 12:31:17,833 - User 205121038 logged out
2023-09-09 12:31:32,377 - User 205121038 logged in
2023-09-09 12:33:10,535 - User 205121038 logged in
2023-09-09 12:33:41,783 - User 205121038 logged in
2023-09-09 12:41:44,268 - User 205121038 logged in with session ID: 7c853982-e43a-4c26-bf44-940730159b48
2023-09-09 12:42:14,217 - User 205121019 logged in with session ID: 93ffa6c7-f84a-412d-b6a6-1a2107cf286b
2023-09-09 13:22:36,706 - User 205121038 logged in with session ID: 24393bc6-7158-48a3-b57f-6090549349fc
2023-09-09 13:24:04,029 - User 205121038 logged in with session ID: 15e37c92-15de-4d02-bf38-4f1c77067109
2023-09-09 22:01:07,145 - User 205121038 logged in with session ID: bca0b618-0a96-42d1-9afe-c37a1344d132
2023-09-10 22:54:38,486 - User 205121038 logged in with session ID: 87c7550f-120d-432c-807a-4cfa7a18f55f
2023-09-10 22:54:48,600 - User 205121038 logged in with session ID: f3483fcb-7c2e-4ddf-b010-2903e08c511e
2023-09-10 22:59:11,852 - File uploaded: CIRCULAR-2023-24-ODD-SEM_4.pdf by roll number: 205121038
2023-09-10 22:59:11,868 - File uploaded: documentation4lumos.pdf by roll number: 205121038
2023-09-10 22:59:39,605 - File documentation4lumos.pdf published by admin 205121038
2023-09-10 22:59:59,770 - User 205121019 logged in with session ID: d7dbb5ba-4639-466f-ae9a-76693767b76b
2023-09-10 23:07:51,153 - File CIRCULAR-2023-24-ODD-SEM_4.pdf published by admin 205121038
2023-09-11 12:41:00,733 - User 205121038 logged in with session ID: c04612d6-d23c-4a16-841d-185b66732e65
2023-09-11 12:44:42,891 - User 205121019 logged in with session ID: f595d333-2ec3-4eee-831e-e95f88094409
2023-09-11 12:45:52,945 - File uploaded: CIRCULAR-2023-24-ODD-SEM_5.pdf by roll number: 205121019
2023-09-11 12:45:52,959 - File uploaded: CIRCULAR-2023-24-ODD-SEM_4.pdf by roll number: 205121019
2023-09-11 12:45:52,967 - File uploaded: CIRCULAR-2023-24-ODD-SEM_3.pdf by roll number: 205121019
2023-09-11 12:45:52,976 - File uploaded: Fees_circular_EVEN_Semester_2022-23.pdf by roll number: 205121019
2023-09-11 12:47:12,179 - File uploaded: Version_23_Events_Description.pdf by roll number: 205121019
2023-09-11 12:47:12,190 - File uploaded: SE_EndSem_QP_1_3.pdf by roll number: 205121019
2023-09-11 12:47:12,199 - File uploaded: SE_EndSem_QP_1_2.pdf by roll number: 205121019
2023-09-11 12:47:24,212 - File SE_EndSem_QP_1_2.pdf published by admin 205121038
2023-09-11 12:47:25,721 - File CIRCULAR-2023-24-ODD-SEM_5.pdf published by admin 205121038
2023-09-11 12:47:27,050 - File CIRCULAR-2023-24-ODD-SEM_4.pdf published by admin 205121038
2023-09-11 12:47:28,090 - File CIRCULAR-2023-24-ODD-SEM_3.pdf published by admin 205121038
2023-09-11 12:47:29,080 - File Fees_circular_EVEN_Semester_2022-23.pdf published by admin 205121038
2023-09-11 12:47:30,484 - File Version_23_Events_Description.pdf published by admin 205121038
2023-09-11 12:47:35,595 - File SE_EndSem_QP_1_3.pdf published by admin 205121038
2023-09-11 12:49:00,677 - File uploaded: CIRCULAR-2023-24-ODD-SEM_5.pdf by roll number: 205121019
2023-09-11 12:49:00,687 - File uploaded: SE_EndSem_QP_1_2.pdf by roll number: 205121019
2023-09-11 12:49:00,695 - File uploaded: SE_EndSem_QP_1_3.pdf by roll number: 205121019
2023-09-11 12:49:00,702 - File uploaded: Version_23_Events_Description_1.pdf by roll number: 205121019
2023-09-11 12:49:00,710 - File uploaded: Fees_circular_EVEN_Semester_2022-23_2.pdf by roll number: 205121019
2023-09-11 12:49:00,717 - File uploaded: CIRCULAR-2023-24-ODD-SEM_3.pdf by roll number: 205121019
2023-09-11 12:49:15,445 - File uploaded: CIRCULAR-2023-24-ODD-SEM_5.pdf by roll number: 205121019
2023-09-11 12:49:15,452 - File uploaded: SE_EndSem_QP_1_2.pdf by roll number: 205121019
2023-09-11 12:49:15,461 - File uploaded: SE_EndSem_QP_1_3.pdf by roll number: 205121019
2023-09-11 12:49:15,471 - File uploaded: Version_23_Events_Description_1.pdf by roll number: 205121019
2023-09-11 12:49:15,478 - File uploaded: Fees_circular_EVEN_Semester_2022-23_2.pdf by roll number: 205121019
2023-09-11 12:49:15,487 - File uploaded: CIRCULAR-2023-24-ODD-SEM_3.pdf by roll number: 205121019
2023-09-11 12:49:34,346 - File uploaded: CIRCULAR-2023-24-ODD-SEM_5.pdf by roll number: 205121019
2023-09-11 12:49:34,354 - File uploaded: SE_EndSem_QP_1_2.pdf by roll number: 205121019
2023-09-11 12:49:34,361 - File uploaded: SE_EndSem_QP_1_3.pdf by roll number: 205121019
2023-09-11 12:49:34,367 - File uploaded: Version_23_Events_Description_1.pdf by roll number: 205121019
2023-09-11 12:49:34,374 - File uploaded: Fees_circular_EVEN_Semester_2022-23_2.pdf by roll number: 205121019
2023-09-11 12:49:34,383 - File uploaded: CIRCULAR-2023-24-ODD-SEM_3.pdf by roll number: 205121019
2023-09-11 12:49:45,632 - File uploaded: CIRCULAR-2023-24-ODD-SEM_5.pdf by roll number: 205121019
2023-09-11 12:49:45,645 - File uploaded: SE_EndSem_QP_1_2.pdf by roll number: 205121019
2023-09-11 12:49:45,661 - File uploaded: SE_EndSem_QP_1_3.pdf by roll number: 205121019
2023-09-11 12:49:45,668 - File uploaded: Version_23_Events_Description_1.pdf by roll number: 205121019
2023-09-11 12:49:55,117 - File CIRCULAR-2023-24-ODD-SEM_5.pdf published by admin 205121038
2023-09-11 12:49:56,109 - File SE_EndSem_QP_1_2.pdf published by admin 205121038
2023-09-11 12:49:57,755 - File SE_EndSem_QP_1_3.pdf published by admin 205121038
2023-09-11 12:49:58,728 - File Version_23_Events_Description_1.pdf published by admin 205121038
2023-09-11 12:50:00,250 - File Fees_circular_EVEN_Semester_2022-23_2.pdf published by admin 205121038
2023-09-11 12:50:01,784 - File CIRCULAR-2023-24-ODD-SEM_3.pdf published by admin 205121038
2023-09-11 12:50:02,704 - File CIRCULAR-2023-24-ODD-SEM_5.pdf published by admin 205121038
2023-09-11 12:50:04,064 - File SE_EndSem_QP_1_2.pdf published by admin 205121038
2023-09-11 12:50:07,400 - File SE_EndSem_QP_1_3.pdf published by admin 205121038
2023-09-11 12:50:08,800 - File Version_23_Events_Description_1.pdf published by admin 205121038
2023-09-11 12:50:10,032 - File Fees_circular_EVEN_Semester_2022-23_2.pdf published by admin 205121038
2023-09-11 12:50:15,749 - File CIRCULAR-2023-24-ODD-SEM_3.pdf published by admin 205121038
2023-09-11 12:50:17,141 - File CIRCULAR-2023-24-ODD-SEM_5.pdf published by admin 205121038
2023-09-11 12:50:18,433 - File SE_EndSem_QP_1_2.pdf published by admin 205121038
2023-09-11 12:50:20,585 - File SE_EndSem_QP_1_3.pdf published by admin 205121038
2023-09-11 12:50:21,539 - File Version_23_Events_Description_1.pdf published by admin 205121038
2023-09-11 12:50:22,689 - File Fees_circular_EVEN_Semester_2022-23_2.pdf published by admin 205121038
2023-09-11 12:50:23,843 - File CIRCULAR-2023-24-ODD-SEM_3.pdf published by admin 205121038
2023-09-11 12:50:25,004 - File CIRCULAR-2023-24-ODD-SEM_5.pdf published by admin 205121038
2023-09-11 12:50:26,299 - File SE_EndSem_QP_1_2.pdf published by admin 205121038
2023-09-11 12:50:29,452 - File SE_EndSem_QP_1_3.pdf published by admin 205121038
2023-09-11 12:51:04,681 - File uploaded: CIRCULAR-2023-24-ODD-SEM_3.pdf by roll number: 205121019
2023-09-11 12:51:12,423 - File CIRCULAR-2023-24-ODD-SEM_3.pdf published by admin 205121038
2023-09-11 12:59:04,314 - User 205121038 logged in with session ID: 0842d92c-44a4-4f92-9742-625b1270e271
2023-09-11 12:59:31,858 - User 205121019 logged in with session ID: 01b29c7f-66bb-4a25-aaab-6d395d9b1749
2023-09-11 12:59:41,724 - File uploaded: SE_EndSem_QP_1_3.pdf by roll number: 205121019
2023-09-11 14:49:33,730 - User 205121038 logged in with session ID: 6bcc7460-a806-4879-bb9e-72af72679fad
2023-09-11 17:31:55,601 - File uploaded: CIRCULAR-2023-24-ODD-SEM_5.pdf by roll number: 205121038
2023-09-11 17:31:55,610 - File uploaded: SE_EndSem_QP_1_2.pdf by roll number: 205121038
2023-09-11 17:31:55,620 - File uploaded: SE_EndSem_QP_1_3.pdf by roll number: 205121038
2023-09-11 17:31:55,627 - File uploaded: Version_23_Events_Description_1.pdf by roll number: 205121038
2023-09-11 17:31:55,634 - File uploaded: Fees_circular_EVEN_Semester_2022-23_2.pdf by roll number: 205121038
2023-09-11 17:31:55,642 - File uploaded: CIRCULAR-2023-24-ODD-SEM_3.pdf by roll number: 205121038
2023-09-11 17:32:02,748 - File SE_EndSem_QP_1_2.pdf published by admin 205121038
2023-09-11 17:32:05,001 - File SE_EndSem_QP_1_3.pdf published by admin 205121038
2023-09-11 17:32:07,076 - File Version_23_Events_Description_1.pdf published by admin 205121038
2023-09-11 17:32:08,846 - File Fees_circular_EVEN_Semester_2022-23_2.pdf published by admin 205121038
2023-09-14 18:39:08,513 - User 205121019 logged in
2023-09-14 18:43:23,912 - User 205121019 logged in
